{"/home/tetr/learn/6seniors/learnjs/chapter02/ch02_15/tasks.js": {"path":"/home/tetr/learn/6seniors/learnjs/chapter02/ch02_15/tasks.js","statementMap":{"0":{"start":{"line":10,"column":2},"end":{"line":12,"column":8}},"1":{"start":{"line":15,"column":0},"end":{"line":15,"column":18}},"2":{"start":{"line":28,"column":2},"end":{"line":30,"column":3}},"3":{"start":{"line":29,"column":4},"end":{"line":29,"column":16}},"4":{"start":{"line":32,"column":15},"end":{"line":32,"column":16}},"5":{"start":{"line":34,"column":2},"end":{"line":36,"column":3}},"6":{"start":{"line":34,"column":15},"end":{"line":34,"column":16}},"7":{"start":{"line":35,"column":4},"end":{"line":35,"column":16}},"8":{"start":{"line":38,"column":2},"end":{"line":38,"column":16}},"9":{"start":{"line":41,"column":0},"end":{"line":41,"column":18}}},"fnMap":{"0":{"name":"min","decl":{"start":{"line":9,"column":9},"end":{"line":9,"column":12}},"loc":{"start":{"line":9,"column":19},"end":{"line":13,"column":1}},"line":9},"1":{"name":"pow","decl":{"start":{"line":27,"column":9},"end":{"line":27,"column":12}},"loc":{"start":{"line":27,"column":19},"end":{"line":39,"column":1}},"line":27}},"branchMap":{"0":{"loc":{"start":{"line":10,"column":9},"end":{"line":12,"column":7}},"type":"cond-expr","locations":[{"start":{"line":11,"column":6},"end":{"line":11,"column":7}},{"start":{"line":12,"column":6},"end":{"line":12,"column":7}}],"line":10},"1":{"loc":{"start":{"line":28,"column":2},"end":{"line":30,"column":3}},"type":"if","locations":[{"start":{"line":28,"column":2},"end":{"line":30,"column":3}},{"start":{},"end":{}}],"line":28},"2":{"loc":{"start":{"line":28,"column":6},"end":{"line":28,"column":24}},"type":"binary-expr","locations":[{"start":{"line":28,"column":6},"end":{"line":28,"column":11}},{"start":{"line":28,"column":15},"end":{"line":28,"column":24}}],"line":28}},"s":{"0":4,"1":2,"2":5,"3":2,"4":3,"5":3,"6":3,"7":102,"8":3,"9":2},"f":{"0":4,"1":5},"b":{"0":[1,3],"1":[2,3],"2":[5,4]},"_coverageSchema":"1a1c01bbd47fc00a2c39e90264f33305004495a9","hash":"67b21fb83365d761408bbfb750aeae0a3f7d16af"}
,"/home/tetr/learn/6seniors/learnjs/chapter04/ch04_01/task.js": {"path":"/home/tetr/learn/6seniors/learnjs/chapter04/ch04_01/task.js","statementMap":{"0":{"start":{"line":102,"column":2},"end":{"line":104,"column":3}},"1":{"start":{"line":103,"column":4},"end":{"line":103,"column":17}},"2":{"start":{"line":105,"column":2},"end":{"line":105,"column":14}},"3":{"start":{"line":108,"column":0},"end":{"line":108,"column":26}}},"fnMap":{"0":{"name":"isEmpty","decl":{"start":{"line":101,"column":9},"end":{"line":101,"column":16}},"loc":{"start":{"line":101,"column":22},"end":{"line":106,"column":1}},"line":101}},"branchMap":{},"s":{"0":2,"1":1,"2":1,"3":1},"f":{"0":2},"b":{},"_coverageSchema":"1a1c01bbd47fc00a2c39e90264f33305004495a9","hash":"341f4cfa2b4b4b8c471e6bbd9c791fa3239f3796"}
}
